[2021-04-07 00:01:00:2706][restartedMain] DEBUG o.s.w.s.m.m.a.RequestMappingHandlerAdapter - ControllerAdvice beans: 0 @ModelAttribute, 0 @InitBinder, 1 RequestBodyAdvice, 1 ResponseBodyAdvice
[2021-04-07 00:01:00:2766][restartedMain] DEBUG o.s.w.s.m.m.a.RequestMappingHandlerMapping - 2 mappings in 'requestMappingHandlerMapping'
[2021-04-07 00:01:00:2799][restartedMain] DEBUG o.s.w.s.h.SimpleUrlHandlerMapping - Patterns [/webjars/**, /**] in 'resourceHandlerMapping'
[2021-04-07 00:01:00:2807][restartedMain] DEBUG o.s.w.s.m.m.a.ExceptionHandlerExceptionResolver - ControllerAdvice beans: 0 @ExceptionHandler, 1 ResponseBodyAdvice
[2021-04-07 00:02:17:2351][restartedMain] DEBUG o.s.w.s.m.m.a.RequestMappingHandlerAdapter - ControllerAdvice beans: 0 @ModelAttribute, 0 @InitBinder, 1 RequestBodyAdvice, 1 ResponseBodyAdvice
[2021-04-07 00:02:17:2401][restartedMain] DEBUG o.s.w.s.m.m.a.RequestMappingHandlerMapping - 2 mappings in 'requestMappingHandlerMapping'
[2021-04-07 00:02:17:2430][restartedMain] DEBUG o.s.w.s.h.SimpleUrlHandlerMapping - Patterns [/webjars/**, /**] in 'resourceHandlerMapping'
[2021-04-07 00:02:18:2438][restartedMain] DEBUG o.s.w.s.m.m.a.ExceptionHandlerExceptionResolver - ControllerAdvice beans: 0 @ExceptionHandler, 1 ResponseBodyAdvice
[2021-04-07 00:02:52:1975][restartedMain] DEBUG o.s.w.s.m.m.a.RequestMappingHandlerAdapter - ControllerAdvice beans: 0 @ModelAttribute, 0 @InitBinder, 1 RequestBodyAdvice, 1 ResponseBodyAdvice
[2021-04-07 00:02:52:2008][restartedMain] DEBUG o.s.w.s.m.m.a.RequestMappingHandlerMapping - 3 mappings in 'requestMappingHandlerMapping'
[2021-04-07 00:02:52:2031][restartedMain] DEBUG o.s.w.s.h.SimpleUrlHandlerMapping - Patterns [/webjars/**, /**] in 'resourceHandlerMapping'
[2021-04-07 00:02:52:2037][restartedMain] DEBUG o.s.w.s.m.m.a.ExceptionHandlerExceptionResolver - ControllerAdvice beans: 0 @ExceptionHandler, 1 ResponseBodyAdvice
[2021-04-07 00:03:22:31525][http-nio-8085-exec-1] INFO  o.s.web.servlet.DispatcherServlet - Initializing Servlet 'dispatcherServlet'
[2021-04-07 00:03:22:31526][http-nio-8085-exec-1] DEBUG o.s.web.servlet.DispatcherServlet - Detected StandardServletMultipartResolver
[2021-04-07 00:03:22:31526][http-nio-8085-exec-1] DEBUG o.s.web.servlet.DispatcherServlet - Detected AcceptHeaderLocaleResolver
[2021-04-07 00:03:22:31526][http-nio-8085-exec-1] DEBUG o.s.web.servlet.DispatcherServlet - Detected FixedThemeResolver
[2021-04-07 00:03:22:31526][http-nio-8085-exec-1] DEBUG o.s.web.servlet.DispatcherServlet - Detected org.springframework.web.servlet.view.DefaultRequestToViewNameTranslator@2aa2edb6
[2021-04-07 00:03:22:31527][http-nio-8085-exec-1] DEBUG o.s.web.servlet.DispatcherServlet - Detected org.springframework.web.servlet.support.SessionFlashMapManager@760c2b34
[2021-04-07 00:03:22:31527][http-nio-8085-exec-1] DEBUG o.s.web.servlet.DispatcherServlet - enableLoggingRequestDetails='false': request parameters and headers will be masked to prevent unsafe logging of potentially sensitive data
[2021-04-07 00:03:22:31527][http-nio-8085-exec-1] INFO  o.s.web.servlet.DispatcherServlet - Completed initialization in 2 ms
[2021-04-07 00:03:22:31537][http-nio-8085-exec-1] DEBUG o.s.web.servlet.DispatcherServlet - GET "/hello", parameters={}
[2021-04-07 00:03:22:31540][http-nio-8085-exec-1] DEBUG o.s.w.s.m.m.a.RequestMappingHandlerMapping - Mapped to com.pmc.market.ShopApplication#HelloWorld()
[2021-04-07 00:03:22:31638][http-nio-8085-exec-1] DEBUG o.s.w.s.m.m.a.RequestResponseBodyMethodProcessor - Using 'text/html', given [text/html, application/xhtml+xml, image/avif, image/webp, image/apng, application/xml;q=0.9, application/signed-exchange;v=b3;q=0.9, */*;q=0.8] and supported [text/plain, */*, text/plain, */*, application/json, application/*+json, application/json, application/*+json]
[2021-04-07 00:03:22:31639][http-nio-8085-exec-1] DEBUG o.s.w.s.m.m.a.RequestResponseBodyMethodProcessor - Writing ["hello World"]
[2021-04-07 00:03:22:31647][http-nio-8085-exec-1] DEBUG o.s.web.servlet.DispatcherServlet - Completed 200 OK
[2021-04-07 00:09:30:2281][restartedMain] DEBUG o.s.w.s.m.m.a.RequestMappingHandlerAdapter - ControllerAdvice beans: 0 @ModelAttribute, 0 @InitBinder, 1 RequestBodyAdvice, 1 ResponseBodyAdvice
[2021-04-07 00:09:30:2332][restartedMain] DEBUG o.s.w.s.m.m.a.RequestMappingHandlerMapping - 3 mappings in 'requestMappingHandlerMapping'
[2021-04-07 00:09:30:2357][restartedMain] DEBUG o.s.w.s.h.SimpleUrlHandlerMapping - Patterns [/webjars/**, /**] in 'resourceHandlerMapping'
[2021-04-07 00:09:30:2364][restartedMain] DEBUG o.s.w.s.m.m.a.ExceptionHandlerExceptionResolver - ControllerAdvice beans: 0 @ExceptionHandler, 1 ResponseBodyAdvice
[2021-04-07 00:09:50:21863][http-nio-8085-exec-1] INFO  o.s.web.servlet.DispatcherServlet - Initializing Servlet 'dispatcherServlet'
[2021-04-07 00:09:50:21864][http-nio-8085-exec-1] DEBUG o.s.web.servlet.DispatcherServlet - Detected StandardServletMultipartResolver
[2021-04-07 00:09:50:21864][http-nio-8085-exec-1] DEBUG o.s.web.servlet.DispatcherServlet - Detected AcceptHeaderLocaleResolver
[2021-04-07 00:09:50:21864][http-nio-8085-exec-1] DEBUG o.s.web.servlet.DispatcherServlet - Detected FixedThemeResolver
[2021-04-07 00:09:50:21865][http-nio-8085-exec-1] DEBUG o.s.web.servlet.DispatcherServlet - Detected org.springframework.web.servlet.view.DefaultRequestToViewNameTranslator@69daed06
[2021-04-07 00:09:50:21866][http-nio-8085-exec-1] DEBUG o.s.web.servlet.DispatcherServlet - Detected org.springframework.web.servlet.support.SessionFlashMapManager@52a95f3d
[2021-04-07 00:09:50:21866][http-nio-8085-exec-1] DEBUG o.s.web.servlet.DispatcherServlet - enableLoggingRequestDetails='false': request parameters and headers will be masked to prevent unsafe logging of potentially sensitive data
[2021-04-07 00:09:50:21866][http-nio-8085-exec-1] INFO  o.s.web.servlet.DispatcherServlet - Completed initialization in 2 ms
[2021-04-07 00:09:50:21872][http-nio-8085-exec-1] DEBUG o.s.web.servlet.DispatcherServlet - GET "/log", parameters={}
[2021-04-07 00:09:50:21874][http-nio-8085-exec-1] DEBUG o.s.w.s.m.m.a.RequestMappingHandlerMapping - Mapped to com.pmc.market.ShopApplication#getLogger()
[2021-04-07 00:09:50:21937][http-nio-8085-exec-1] DEBUG o.s.w.s.m.m.a.RequestResponseBodyMethodProcessor - Using 'text/html', given [text/html, application/xhtml+xml, image/avif, image/webp, image/apng, application/xml;q=0.9, application/signed-exchange;v=b3;q=0.9, */*;q=0.8] and supported [text/plain, */*, text/plain, */*, application/json, application/*+json, application/json, application/*+json]
[2021-04-07 00:09:50:21938][http-nio-8085-exec-1] DEBUG o.s.w.s.m.m.a.RequestResponseBodyMethodProcessor - Writing ["console log"]
[2021-04-07 00:09:50:21944][http-nio-8085-exec-1] DEBUG o.s.web.servlet.DispatcherServlet - Completed 200 OK
[2021-04-07 00:13:40:1894][restartedMain] DEBUG o.s.w.s.m.m.a.RequestMappingHandlerAdapter - ControllerAdvice beans: 0 @ModelAttribute, 0 @InitBinder, 1 RequestBodyAdvice, 1 ResponseBodyAdvice
[2021-04-07 00:13:40:1925][restartedMain] DEBUG o.s.w.s.m.m.a.RequestMappingHandlerMapping - 3 mappings in 'requestMappingHandlerMapping'
[2021-04-07 00:13:40:1946][restartedMain] DEBUG o.s.w.s.h.SimpleUrlHandlerMapping - Patterns [/webjars/**, /**] in 'resourceHandlerMapping'
[2021-04-07 00:13:40:1952][restartedMain] DEBUG o.s.w.s.m.m.a.ExceptionHandlerExceptionResolver - ControllerAdvice beans: 0 @ExceptionHandler, 1 ResponseBodyAdvice
[2021-04-07 00:13:45:7335][http-nio-8085-exec-1] INFO  o.s.web.servlet.DispatcherServlet - Initializing Servlet 'dispatcherServlet'
[2021-04-07 00:13:45:7336][http-nio-8085-exec-1] DEBUG o.s.web.servlet.DispatcherServlet - Detected StandardServletMultipartResolver
[2021-04-07 00:13:45:7336][http-nio-8085-exec-1] DEBUG o.s.web.servlet.DispatcherServlet - Detected AcceptHeaderLocaleResolver
[2021-04-07 00:13:45:7336][http-nio-8085-exec-1] DEBUG o.s.web.servlet.DispatcherServlet - Detected FixedThemeResolver
[2021-04-07 00:13:45:7337][http-nio-8085-exec-1] DEBUG o.s.web.servlet.DispatcherServlet - Detected org.springframework.web.servlet.view.DefaultRequestToViewNameTranslator@62e0b9f4
[2021-04-07 00:13:45:7337][http-nio-8085-exec-1] DEBUG o.s.web.servlet.DispatcherServlet - Detected org.springframework.web.servlet.support.SessionFlashMapManager@1c037d17
[2021-04-07 00:13:45:7337][http-nio-8085-exec-1] DEBUG o.s.web.servlet.DispatcherServlet - enableLoggingRequestDetails='false': request parameters and headers will be masked to prevent unsafe logging of potentially sensitive data
[2021-04-07 00:13:45:7337][http-nio-8085-exec-1] INFO  o.s.web.servlet.DispatcherServlet - Completed initialization in 2 ms
[2021-04-07 00:13:45:7344][http-nio-8085-exec-1] DEBUG o.s.web.servlet.DispatcherServlet - GET "/log", parameters={}
[2021-04-07 00:13:45:7347][http-nio-8085-exec-1] DEBUG o.s.w.s.m.m.a.RequestMappingHandlerMapping - Mapped to com.pmc.market.ShopApplication#getLogger()
[2021-04-07 00:13:45:7406][http-nio-8085-exec-1] DEBUG o.s.w.s.m.m.a.RequestResponseBodyMethodProcessor - Using 'text/html', given [text/html, application/xhtml+xml, image/avif, image/webp, image/apng, application/xml;q=0.9, application/signed-exchange;v=b3;q=0.9, */*;q=0.8] and supported [text/plain, */*, text/plain, */*, application/json, application/*+json, application/json, application/*+json]
[2021-04-07 00:13:45:7406][http-nio-8085-exec-1] DEBUG o.s.w.s.m.m.a.RequestResponseBodyMethodProcessor - Writing ["console log"]
[2021-04-07 00:13:45:7412][http-nio-8085-exec-1] DEBUG o.s.web.servlet.DispatcherServlet - Completed 200 OK
[2021-04-07 21:59:26:2955][restartedMain] DEBUG o.s.w.s.m.m.a.RequestMappingHandlerAdapter - ControllerAdvice beans: 0 @ModelAttribute, 0 @InitBinder, 1 RequestBodyAdvice, 1 ResponseBodyAdvice
[2021-04-07 21:59:26:3039][restartedMain] DEBUG o.s.w.s.m.m.a.RequestMappingHandlerMapping - 3 mappings in 'requestMappingHandlerMapping'
[2021-04-07 21:59:26:3073][restartedMain] DEBUG o.s.w.s.h.SimpleUrlHandlerMapping - Patterns [/webjars/**, /**] in 'resourceHandlerMapping'
[2021-04-07 21:59:26:3081][restartedMain] DEBUG o.s.w.s.m.m.a.ExceptionHandlerExceptionResolver - ControllerAdvice beans: 0 @ExceptionHandler, 1 ResponseBodyAdvice
[2021-04-07 22:17:54:2373][restartedMain] DEBUG o.s.w.s.m.m.a.RequestMappingHandlerAdapter - ControllerAdvice beans: 0 @ModelAttribute, 0 @InitBinder, 1 RequestBodyAdvice, 1 ResponseBodyAdvice
[2021-04-07 22:17:54:2407][restartedMain] DEBUG o.s.w.s.m.m.a.RequestMappingHandlerMapping - 2 mappings in 'requestMappingHandlerMapping'
[2021-04-07 22:17:54:2430][restartedMain] DEBUG o.s.w.s.h.SimpleUrlHandlerMapping - Patterns [/webjars/**, /**] in 'resourceHandlerMapping'
[2021-04-07 22:17:54:2436][restartedMain] DEBUG o.s.w.s.m.m.a.ExceptionHandlerExceptionResolver - ControllerAdvice beans: 0 @ExceptionHandler, 1 ResponseBodyAdvice
[2021-04-07 22:58:48:1913][restartedMain] DEBUG o.s.w.s.m.m.a.RequestMappingHandlerAdapter - ControllerAdvice beans: 0 @ModelAttribute, 0 @InitBinder, 1 RequestBodyAdvice, 1 ResponseBodyAdvice
[2021-04-07 22:58:48:1952][restartedMain] DEBUG o.s.w.s.m.m.a.RequestMappingHandlerMapping - 3 mappings in 'requestMappingHandlerMapping'
[2021-04-07 22:58:48:1972][restartedMain] DEBUG o.s.w.s.h.SimpleUrlHandlerMapping - Patterns [/webjars/**, /**] in 'resourceHandlerMapping'
[2021-04-07 22:58:48:1978][restartedMain] DEBUG o.s.w.s.m.m.a.ExceptionHandlerExceptionResolver - ControllerAdvice beans: 0 @ExceptionHandler, 1 ResponseBodyAdvice
[2021-04-07 23:00:19:1853][restartedMain] DEBUG o.s.w.s.m.m.a.RequestMappingHandlerAdapter - ControllerAdvice beans: 0 @ModelAttribute, 0 @InitBinder, 1 RequestBodyAdvice, 1 ResponseBodyAdvice
[2021-04-07 23:00:19:1883][restartedMain] DEBUG o.s.w.s.m.m.a.RequestMappingHandlerMapping - 3 mappings in 'requestMappingHandlerMapping'
[2021-04-07 23:00:19:1903][restartedMain] DEBUG o.s.w.s.h.SimpleUrlHandlerMapping - Patterns [/webjars/**, /**] in 'resourceHandlerMapping'
[2021-04-07 23:00:19:1909][restartedMain] DEBUG o.s.w.s.m.m.a.ExceptionHandlerExceptionResolver - ControllerAdvice beans: 0 @ExceptionHandler, 1 ResponseBodyAdvice
[2021-04-07 23:00:35:17120][http-nio-8085-exec-1] INFO  o.s.web.servlet.DispatcherServlet - Initializing Servlet 'dispatcherServlet'
[2021-04-07 23:00:35:17120][http-nio-8085-exec-1] DEBUG o.s.web.servlet.DispatcherServlet - Detected StandardServletMultipartResolver
[2021-04-07 23:00:35:17121][http-nio-8085-exec-1] DEBUG o.s.web.servlet.DispatcherServlet - Detected AcceptHeaderLocaleResolver
[2021-04-07 23:00:35:17121][http-nio-8085-exec-1] DEBUG o.s.web.servlet.DispatcherServlet - Detected FixedThemeResolver
[2021-04-07 23:00:35:17122][http-nio-8085-exec-1] DEBUG o.s.web.servlet.DispatcherServlet - Detected org.springframework.web.servlet.view.DefaultRequestToViewNameTranslator@34c75bf6
[2021-04-07 23:00:35:17122][http-nio-8085-exec-1] DEBUG o.s.web.servlet.DispatcherServlet - Detected org.springframework.web.servlet.support.SessionFlashMapManager@4eea1bb1
[2021-04-07 23:00:35:17122][http-nio-8085-exec-1] DEBUG o.s.web.servlet.DispatcherServlet - enableLoggingRequestDetails='false': request parameters and headers will be masked to prevent unsafe logging of potentially sensitive data
[2021-04-07 23:00:35:17122][http-nio-8085-exec-1] INFO  o.s.web.servlet.DispatcherServlet - Completed initialization in 2 ms
[2021-04-07 23:00:35:17130][http-nio-8085-exec-1] DEBUG o.s.web.servlet.DispatcherServlet - GET "/log", parameters={}
[2021-04-07 23:00:35:17134][http-nio-8085-exec-1] DEBUG o.s.w.s.m.m.a.RequestMappingHandlerMapping - Mapped to com.pmc.market.ShopApplication#getLogger()
[2021-04-07 23:00:35:17245][http-nio-8085-exec-1] DEBUG o.s.w.s.m.m.a.RequestResponseBodyMethodProcessor - Using 'text/html', given [text/html, application/xhtml+xml, image/avif, image/webp, image/apng, application/xml;q=0.9, application/signed-exchange;v=b3;q=0.9, */*;q=0.8] and supported [text/plain, */*, text/plain, */*, application/json, application/*+json, application/json, application/*+json]
[2021-04-07 23:00:35:17246][http-nio-8085-exec-1] DEBUG o.s.w.s.m.m.a.RequestResponseBodyMethodProcessor - Writing ["console log"]
[2021-04-07 23:00:35:17256][http-nio-8085-exec-1] DEBUG o.s.web.servlet.DispatcherServlet - Completed 200 OK
